2021-05-04 11:08:51,316 INFO org.springframework.boot.StartupInfoLogger [restartedMain] Starting MySpringBootApplication on AMBNL000050 with PID 25744 (/Users/a865282/Documents/workspaces/spring-boot-ssl/App/target/classes started by a865282 in /Users/a865282/Documents/workspaces/spring-boot-ssl)
2021-05-04 11:08:51,319 INFO org.springframework.boot.SpringApplication [restartedMain] No active profile set, falling back to default profiles: default
2021-05-04 11:08:51,378 INFO org.springframework.boot.logging.DeferredLog [restartedMain] The Class-Path manifest attribute in /Users/a865282/.m2/repository/org/glassfish/jaxb/jaxb-runtime/2.3.2/jaxb-runtime-2.3.2.jar referenced one or more files that do not exist: file:/Users/a865282/.m2/repository/org/glassfish/jaxb/jaxb-runtime/2.3.2/jakarta.xml.bind-api-2.3.2.jar,file:/Users/a865282/.m2/repository/org/glassfish/jaxb/jaxb-runtime/2.3.2/txw2-2.3.2.jar,file:/Users/a865282/.m2/repository/org/glassfish/jaxb/jaxb-runtime/2.3.2/istack-commons-runtime-3.0.8.jar,file:/Users/a865282/.m2/repository/org/glassfish/jaxb/jaxb-runtime/2.3.2/stax-ex-1.8.1.jar,file:/Users/a865282/.m2/repository/org/glassfish/jaxb/jaxb-runtime/2.3.2/FastInfoset-1.2.16.jar,file:/Users/a865282/.m2/repository/org/glassfish/jaxb/jaxb-runtime/2.3.2/jakarta.activation-api-1.2.1.jar
2021-05-04 11:08:51,379 INFO org.springframework.boot.logging.DeferredLog [restartedMain] Devtools property defaults active! Set 'spring.devtools.add-properties' to 'false' to disable
2021-05-04 11:08:51,379 INFO org.springframework.boot.logging.DeferredLog [restartedMain] For additional web related logging consider setting the 'logging.level.web' property to 'DEBUG'
2021-05-04 11:08:52,144 INFO org.springframework.data.repository.config.RepositoryConfigurationDelegate [restartedMain] Bootstrapping Spring Data JPA repositories in DEFAULT mode.
2021-05-04 11:08:52,218 INFO org.springframework.data.repository.config.RepositoryConfigurationDelegate [restartedMain] Finished Spring Data repository scanning in 65ms. Found 2 JPA repository interfaces.
2021-05-04 11:08:52,573 INFO org.springframework.context.support.PostProcessorRegistrationDelegate$BeanPostProcessorChecker [restartedMain] Bean 'org.springframework.transaction.annotation.ProxyTransactionManagementConfiguration' of type [org.springframework.transaction.annotation.ProxyTransactionManagementConfiguration] is not eligible for getting processed by all BeanPostProcessors (for example: not eligible for auto-proxying)
2021-05-04 11:08:53,077 INFO org.springframework.boot.web.embedded.tomcat.TomcatWebServer [restartedMain] Tomcat initialized with port(s): 8080 (http)
2021-05-04 11:08:53,085 INFO org.apache.juli.logging.DirectJDKLog [restartedMain] Initializing ProtocolHandler ["http-nio-8080"]
2021-05-04 11:08:53,085 INFO org.apache.juli.logging.DirectJDKLog [restartedMain] Starting service [Tomcat]
2021-05-04 11:08:53,085 INFO org.apache.juli.logging.DirectJDKLog [restartedMain] Starting Servlet engine: [Apache Tomcat/9.0.30]
2021-05-04 11:08:53,165 INFO org.apache.juli.logging.DirectJDKLog [restartedMain] Initializing Spring embedded WebApplicationContext
2021-05-04 11:08:53,166 INFO org.springframework.boot.web.servlet.context.ServletWebServerApplicationContext [restartedMain] Root WebApplicationContext: initialization completed in 1787 ms
2021-05-04 11:08:53,202 INFO com.zaxxer.hikari.HikariDataSource [restartedMain] HikariPool-1 - Starting...
2021-05-04 11:08:53,425 INFO com.zaxxer.hikari.HikariDataSource [restartedMain] HikariPool-1 - Start completed.
2021-05-04 11:08:53,431 INFO org.springframework.boot.autoconfigure.h2.H2ConsoleAutoConfiguration [restartedMain] H2 console available at '/h2-console'. Database available at 'jdbc:h2:file:/Users/a865282/Documents/workspaces/spring-boot-ssl/App'
2021-05-04 11:08:53,513 WARN org.springframework.boot.autoconfigure.orm.jpa.JpaBaseConfiguration$JpaWebConfiguration [restartedMain] spring.jpa.open-in-view is enabled by default. Therefore, database queries may be performed during view rendering. Explicitly configure spring.jpa.open-in-view to disable this warning
2021-05-04 11:08:53,597 INFO org.hibernate.jpa.internal.util.LogHelper [restartedMain] HHH000204: Processing PersistenceUnitInfo [name: default]
2021-05-04 11:08:53,667 INFO org.hibernate.Version [restartedMain] HHH000412: Hibernate Core {5.4.10.Final}
2021-05-04 11:08:53,781 INFO org.hibernate.annotations.common.reflection.java.JavaReflectionManager [restartedMain] HCANN000001: Hibernate Commons Annotations {5.1.0.Final}
2021-05-04 11:08:53,862 INFO org.hibernate.dialect.Dialect [restartedMain] HHH000400: Using dialect: org.hibernate.dialect.H2Dialect
2021-05-04 11:08:54,412 INFO org.hibernate.engine.transaction.jta.platform.internal.JtaPlatformInitiator [restartedMain] HHH000490: Using JtaPlatform implementation: [org.hibernate.engine.transaction.jta.platform.internal.NoJtaPlatform]
2021-05-04 11:08:54,416 INFO org.springframework.orm.jpa.AbstractEntityManagerFactoryBean [restartedMain] Initialized JPA EntityManagerFactory for persistence unit 'default'
2021-05-04 11:08:54,590 INFO main.app.filter.CustomSecondFilter [restartedMain] ########## Initiating CustomSecondFilter filter ##########
2021-05-04 11:08:54,591 INFO main.app.filter.CustomFirstFilter [restartedMain] ########## Initiating CustomFirstFilter filter ##########
2021-05-04 11:08:54,609 WARN org.springframework.boot.devtools.autoconfigure.OptionalLiveReloadServer [restartedMain] Unable to start LiveReload server
2021-05-04 11:08:55,237 INFO org.springframework.security.web.DefaultSecurityFilterChain [restartedMain] Creating filter chain: any request, [org.springframework.security.web.context.request.async.WebAsyncManagerIntegrationFilter@50767aef, org.springframework.security.web.context.SecurityContextPersistenceFilter@2dbb59b7, org.springframework.security.web.header.HeaderWriterFilter@7e4a8fe5, org.springframework.security.web.authentication.logout.LogoutFilter@34f566c6, org.springframework.security.web.authentication.www.BasicAuthenticationFilter@47e70cfb, org.springframework.security.web.savedrequest.RequestCacheAwareFilter@1aa9cde2, org.springframework.security.web.servletapi.SecurityContextHolderAwareRequestFilter@50eeea0e, org.springframework.security.web.authentication.AnonymousAuthenticationFilter@35738050, org.springframework.security.web.session.SessionManagementFilter@5d893b73, org.springframework.security.web.access.ExceptionTranslationFilter@21a2d9b8, org.springframework.security.web.access.intercept.FilterSecurityInterceptor@4c4c5b88]
2021-05-04 11:08:55,279 INFO org.springframework.scheduling.concurrent.ExecutorConfigurationSupport [restartedMain] Initializing ExecutorService 'applicationTaskExecutor'
2021-05-04 11:08:55,300 INFO main.app.config.WebAppConfigAdapter [restartedMain] this method will get invoked by container while deployment
2021-05-04 11:08:55,300 INFO main.app.config.WebAppConfigAdapter [restartedMain] value of interceptor is main.app.interceptor.CustomInterceptor@38ca3ca0
2021-05-04 11:08:55,321 INFO org.springframework.boot.autoconfigure.web.servlet.WelcomePageHandlerMapping [restartedMain] Adding welcome page template: index
2021-05-04 11:08:55,447 INFO org.apache.juli.logging.DirectJDKLog [restartedMain] Starting ProtocolHandler ["http-nio-8080"]
2021-05-04 11:08:55,470 INFO org.springframework.boot.web.embedded.tomcat.TomcatWebServer [restartedMain] Tomcat started on port(s): 8080 (http) with context path ''
2021-05-04 11:08:55,473 INFO org.springframework.boot.StartupInfoLogger [restartedMain] Started MySpringBootApplication in 4.551 seconds (JVM running for 5.06)
2021-05-04 11:09:25,608 INFO org.springframework.scheduling.concurrent.ExecutorConfigurationSupport [SpringContextShutdownHook] Shutting down ExecutorService 'applicationTaskExecutor'
2021-05-04 11:09:25,610 INFO org.springframework.orm.jpa.AbstractEntityManagerFactoryBean [SpringContextShutdownHook] Closing JPA EntityManagerFactory for persistence unit 'default'
2021-05-04 11:09:25,610 INFO org.hibernate.tool.schema.internal.SchemaDropperImpl$DelayedDropActionImpl [SpringContextShutdownHook] HHH000477: Starting delayed evictData of schema as part of SessionFactory shut-down'
2021-05-04 11:09:26,255 ERROR org.hibernate.tool.schema.internal.SchemaDropperImpl$DelayedDropActionImpl [SpringContextShutdownHook] HHH000478: Unsuccessful: drop table classdata if exists
2021-05-04 11:09:26,258 INFO com.zaxxer.hikari.HikariDataSource [SpringContextShutdownHook] HikariPool-1 - Shutdown initiated...
2021-05-04 11:09:26,321 INFO com.zaxxer.hikari.HikariDataSource [SpringContextShutdownHook] HikariPool-1 - Shutdown completed.
2021-05-04 11:09:26,336 INFO main.app.filter.CustomSecondFilter [SpringContextShutdownHook] ########## Destroying CustomSecondFilter filter ##########
2021-05-04 11:09:26,336 INFO main.app.filter.CustomFirstFilter [SpringContextShutdownHook] ########## Destroying CustomFirstFilter filter ##########
2021-05-04 11:09:28,950 INFO org.springframework.boot.StartupInfoLogger [restartedMain] Starting MySpringBootApplication on AMBNL000050 with PID 25748 (/Users/a865282/Documents/workspaces/spring-boot-ssl/App/target/classes started by a865282 in /Users/a865282/Documents/workspaces/spring-boot-ssl)
2021-05-04 11:09:28,953 INFO org.springframework.boot.SpringApplication [restartedMain] No active profile set, falling back to default profiles: default
2021-05-04 11:09:29,003 INFO org.springframework.boot.logging.DeferredLog [restartedMain] The Class-Path manifest attribute in /Users/a865282/.m2/repository/org/glassfish/jaxb/jaxb-runtime/2.3.2/jaxb-runtime-2.3.2.jar referenced one or more files that do not exist: file:/Users/a865282/.m2/repository/org/glassfish/jaxb/jaxb-runtime/2.3.2/jakarta.xml.bind-api-2.3.2.jar,file:/Users/a865282/.m2/repository/org/glassfish/jaxb/jaxb-runtime/2.3.2/txw2-2.3.2.jar,file:/Users/a865282/.m2/repository/org/glassfish/jaxb/jaxb-runtime/2.3.2/istack-commons-runtime-3.0.8.jar,file:/Users/a865282/.m2/repository/org/glassfish/jaxb/jaxb-runtime/2.3.2/stax-ex-1.8.1.jar,file:/Users/a865282/.m2/repository/org/glassfish/jaxb/jaxb-runtime/2.3.2/FastInfoset-1.2.16.jar,file:/Users/a865282/.m2/repository/org/glassfish/jaxb/jaxb-runtime/2.3.2/jakarta.activation-api-1.2.1.jar
2021-05-04 11:09:29,003 INFO org.springframework.boot.logging.DeferredLog [restartedMain] Devtools property defaults active! Set 'spring.devtools.add-properties' to 'false' to disable
2021-05-04 11:09:29,003 INFO org.springframework.boot.logging.DeferredLog [restartedMain] For additional web related logging consider setting the 'logging.level.web' property to 'DEBUG'
2021-05-04 11:09:29,736 INFO org.springframework.data.repository.config.RepositoryConfigurationDelegate [restartedMain] Bootstrapping Spring Data JPA repositories in DEFAULT mode.
2021-05-04 11:09:29,800 INFO org.springframework.data.repository.config.RepositoryConfigurationDelegate [restartedMain] Finished Spring Data repository scanning in 57ms. Found 2 JPA repository interfaces.
2021-05-04 11:09:30,134 INFO org.springframework.context.support.PostProcessorRegistrationDelegate$BeanPostProcessorChecker [restartedMain] Bean 'org.springframework.transaction.annotation.ProxyTransactionManagementConfiguration' of type [org.springframework.transaction.annotation.ProxyTransactionManagementConfiguration] is not eligible for getting processed by all BeanPostProcessors (for example: not eligible for auto-proxying)
2021-05-04 11:09:30,574 INFO org.springframework.boot.web.embedded.tomcat.TomcatWebServer [restartedMain] Tomcat initialized with port(s): 8080 (http)
2021-05-04 11:09:30,582 INFO org.apache.juli.logging.DirectJDKLog [restartedMain] Initializing ProtocolHandler ["http-nio-8080"]
2021-05-04 11:09:30,583 INFO org.apache.juli.logging.DirectJDKLog [restartedMain] Starting service [Tomcat]
2021-05-04 11:09:30,583 INFO org.apache.juli.logging.DirectJDKLog [restartedMain] Starting Servlet engine: [Apache Tomcat/9.0.30]
2021-05-04 11:09:30,660 INFO org.apache.juli.logging.DirectJDKLog [restartedMain] Initializing Spring embedded WebApplicationContext
2021-05-04 11:09:30,660 INFO org.springframework.boot.web.servlet.context.ServletWebServerApplicationContext [restartedMain] Root WebApplicationContext: initialization completed in 1657 ms
2021-05-04 11:09:30,697 INFO com.zaxxer.hikari.HikariDataSource [restartedMain] HikariPool-1 - Starting...
2021-05-04 11:09:30,906 INFO com.zaxxer.hikari.HikariDataSource [restartedMain] HikariPool-1 - Start completed.
2021-05-04 11:09:30,912 INFO org.springframework.boot.autoconfigure.h2.H2ConsoleAutoConfiguration [restartedMain] H2 console available at '/h2-console'. Database available at 'jdbc:h2:file:/Users/a865282/Documents/workspaces/spring-boot-ssl/App'
2021-05-04 11:09:30,989 WARN org.springframework.boot.autoconfigure.orm.jpa.JpaBaseConfiguration$JpaWebConfiguration [restartedMain] spring.jpa.open-in-view is enabled by default. Therefore, database queries may be performed during view rendering. Explicitly configure spring.jpa.open-in-view to disable this warning
2021-05-04 11:09:31,069 INFO org.hibernate.jpa.internal.util.LogHelper [restartedMain] HHH000204: Processing PersistenceUnitInfo [name: default]
2021-05-04 11:09:31,119 INFO org.hibernate.Version [restartedMain] HHH000412: Hibernate Core {5.4.10.Final}
2021-05-04 11:09:31,259 INFO org.hibernate.annotations.common.reflection.java.JavaReflectionManager [restartedMain] HCANN000001: Hibernate Commons Annotations {5.1.0.Final}
2021-05-04 11:09:31,373 INFO org.hibernate.dialect.Dialect [restartedMain] HHH000400: Using dialect: org.hibernate.dialect.H2Dialect
2021-05-04 11:09:31,998 INFO org.hibernate.engine.transaction.jta.platform.internal.JtaPlatformInitiator [restartedMain] HHH000490: Using JtaPlatform implementation: [org.hibernate.engine.transaction.jta.platform.internal.NoJtaPlatform]
2021-05-04 11:09:32,004 INFO org.springframework.orm.jpa.AbstractEntityManagerFactoryBean [restartedMain] Initialized JPA EntityManagerFactory for persistence unit 'default'
2021-05-04 11:09:32,204 INFO main.app.filter.CustomSecondFilter [restartedMain] ########## Initiating CustomSecondFilter filter ##########
2021-05-04 11:09:32,205 INFO main.app.filter.CustomFirstFilter [restartedMain] ########## Initiating CustomFirstFilter filter ##########
2021-05-04 11:09:32,230 WARN org.springframework.boot.devtools.autoconfigure.OptionalLiveReloadServer [restartedMain] Unable to start LiveReload server
2021-05-04 11:09:32,907 INFO org.springframework.security.web.DefaultSecurityFilterChain [restartedMain] Creating filter chain: any request, [org.springframework.security.web.context.request.async.WebAsyncManagerIntegrationFilter@28ced4fe, org.springframework.security.web.context.SecurityContextPersistenceFilter@192ead2f, org.springframework.security.web.header.HeaderWriterFilter@135292f0, org.springframework.security.web.authentication.logout.LogoutFilter@3248ee4c, org.springframework.security.web.authentication.www.BasicAuthenticationFilter@6b79ffa6, org.springframework.security.web.savedrequest.RequestCacheAwareFilter@41458775, org.springframework.security.web.servletapi.SecurityContextHolderAwareRequestFilter@5a210509, org.springframework.security.web.authentication.AnonymousAuthenticationFilter@424a4c34, org.springframework.security.web.session.SessionManagementFilter@6e03b8bc, org.springframework.security.web.access.ExceptionTranslationFilter@243f75e0, org.springframework.security.web.access.intercept.FilterSecurityInterceptor@148fd82b]
2021-05-04 11:09:32,967 INFO org.springframework.scheduling.concurrent.ExecutorConfigurationSupport [restartedMain] Initializing ExecutorService 'applicationTaskExecutor'
2021-05-04 11:09:32,996 INFO main.app.config.WebAppConfigAdapter [restartedMain] this method will get invoked by container while deployment
2021-05-04 11:09:32,996 INFO main.app.config.WebAppConfigAdapter [restartedMain] value of interceptor is main.app.interceptor.CustomInterceptor@79dca8aa
2021-05-04 11:09:33,082 WARN org.springframework.boot.autoconfigure.thymeleaf.ThymeleafAutoConfiguration$DefaultTemplateResolverConfiguration [restartedMain] Cannot find template location: classpath:/templates/ (please add some templates or check your Thymeleaf configuration)
2021-05-04 11:09:33,183 INFO org.apache.juli.logging.DirectJDKLog [restartedMain] Starting ProtocolHandler ["http-nio-8080"]
2021-05-04 11:09:33,212 INFO org.springframework.boot.web.embedded.tomcat.TomcatWebServer [restartedMain] Tomcat started on port(s): 8080 (http) with context path ''
2021-05-04 11:09:33,215 INFO org.springframework.boot.StartupInfoLogger [restartedMain] Started MySpringBootApplication in 4.61 seconds (JVM running for 5.157)
2021-05-04 11:20:14,398 INFO org.springframework.scheduling.concurrent.ExecutorConfigurationSupport [SpringContextShutdownHook] Shutting down ExecutorService 'applicationTaskExecutor'
2021-05-04 11:20:14,400 INFO org.springframework.orm.jpa.AbstractEntityManagerFactoryBean [SpringContextShutdownHook] Closing JPA EntityManagerFactory for persistence unit 'default'
2021-05-04 11:20:14,402 INFO org.hibernate.tool.schema.internal.SchemaDropperImpl$DelayedDropActionImpl [SpringContextShutdownHook] HHH000477: Starting delayed evictData of schema as part of SessionFactory shut-down'
2021-05-04 11:20:14,677 ERROR org.hibernate.tool.schema.internal.SchemaDropperImpl$DelayedDropActionImpl [SpringContextShutdownHook] HHH000478: Unsuccessful: drop table classdata if exists
2021-05-04 11:20:14,681 INFO com.zaxxer.hikari.HikariDataSource [SpringContextShutdownHook] HikariPool-1 - Shutdown initiated...
2021-05-04 11:20:14,744 INFO com.zaxxer.hikari.HikariDataSource [SpringContextShutdownHook] HikariPool-1 - Shutdown completed.
2021-05-04 11:20:14,759 INFO main.app.filter.CustomSecondFilter [SpringContextShutdownHook] ########## Destroying CustomSecondFilter filter ##########
2021-05-04 11:20:14,760 INFO main.app.filter.CustomFirstFilter [SpringContextShutdownHook] ########## Destroying CustomFirstFilter filter ##########
2021-05-04 13:31:53,589 INFO org.springframework.boot.logging.DeferredLog [restartedMain] Devtools property defaults active! Set 'spring.devtools.add-properties' to 'false' to disable
2021-05-04 13:31:54,113 INFO org.springframework.context.support.PostProcessorRegistrationDelegate$BeanPostProcessorChecker [restartedMain] Bean 'org.springframework.cloud.autoconfigure.ConfigurationPropertiesRebinderAutoConfiguration' of type [org.springframework.cloud.autoconfigure.ConfigurationPropertiesRebinderAutoConfiguration$$EnhancerBySpringCGLIB$$323da667] is not eligible for getting processed by all BeanPostProcessors (for example: not eligible for auto-proxying)
2021-05-04 13:31:54,379 INFO org.springframework.boot.SpringApplication [restartedMain] No active profile set, falling back to default profiles: default
2021-05-04 13:31:55,759 INFO org.springframework.data.repository.config.RepositoryConfigurationDelegate [restartedMain] Bootstrapping Spring Data repositories in DEFAULT mode.
2021-05-04 13:31:55,848 INFO org.springframework.data.repository.config.RepositoryConfigurationDelegate [restartedMain] Finished Spring Data repository scanning in 78ms. Found 2 repository interfaces.
2021-05-04 13:31:56,689 INFO org.springframework.cloud.context.scope.GenericScope [restartedMain] BeanFactory id=702ca698-5e42-38f7-8405-37872650b47a
2021-05-04 13:31:57,121 INFO org.springframework.context.support.PostProcessorRegistrationDelegate$BeanPostProcessorChecker [restartedMain] Bean 'org.springframework.transaction.annotation.ProxyTransactionManagementConfiguration' of type [org.springframework.transaction.annotation.ProxyTransactionManagementConfiguration$$EnhancerBySpringCGLIB$$1623a36a] is not eligible for getting processed by all BeanPostProcessors (for example: not eligible for auto-proxying)
2021-05-04 13:31:57,218 INFO org.springframework.context.support.PostProcessorRegistrationDelegate$BeanPostProcessorChecker [restartedMain] Bean 'org.springframework.cloud.autoconfigure.ConfigurationPropertiesRebinderAutoConfiguration' of type [org.springframework.cloud.autoconfigure.ConfigurationPropertiesRebinderAutoConfiguration$$EnhancerBySpringCGLIB$$323da667] is not eligible for getting processed by all BeanPostProcessors (for example: not eligible for auto-proxying)
2021-05-04 13:31:58,025 INFO org.springframework.boot.web.embedded.tomcat.TomcatWebServer [restartedMain] Tomcat initialized with port(s): 8080 (http)
2021-05-04 13:31:58,049 INFO org.apache.juli.logging.DirectJDKLog [restartedMain] Initializing ProtocolHandler ["http-nio-8080"]
2021-05-04 13:31:58,060 INFO org.apache.juli.logging.DirectJDKLog [restartedMain] Starting service [Tomcat]
2021-05-04 13:31:58,060 INFO org.apache.juli.logging.DirectJDKLog [restartedMain] Starting Servlet engine: [Apache Tomcat/9.0.22]
2021-05-04 13:31:58,191 INFO org.apache.juli.logging.DirectJDKLog [restartedMain] Initializing Spring embedded WebApplicationContext
2021-05-04 13:31:58,192 INFO org.springframework.boot.web.servlet.context.ServletWebServerApplicationContext [restartedMain] Root WebApplicationContext: initialization completed in 3778 ms
2021-05-04 13:31:59,857 INFO main.app.filter.CustomSecondFilter [restartedMain] ########## Initiating CustomSecondFilter filter ##########
2021-05-04 13:31:59,860 INFO main.app.filter.CustomFirstFilter [restartedMain] ########## Initiating CustomFirstFilter filter ##########
2021-05-04 13:31:59,952 INFO com.zaxxer.hikari.HikariDataSource [restartedMain] HikariPool-1 - Starting...
2021-05-04 13:32:00,194 INFO com.zaxxer.hikari.HikariDataSource [restartedMain] HikariPool-1 - Start completed.
2021-05-04 13:32:00,286 INFO org.hibernate.jpa.internal.util.LogHelper [restartedMain] HHH000204: Processing PersistenceUnitInfo [
	name: default
	...]
2021-05-04 13:32:00,368 INFO org.hibernate.Version [restartedMain] HHH000412: Hibernate Core {5.3.10.Final}
2021-05-04 13:32:00,370 INFO org.hibernate.cfg.Environment [restartedMain] HHH000206: hibernate.properties not found
2021-05-04 13:32:00,598 INFO org.hibernate.annotations.common.reflection.java.JavaReflectionManager [restartedMain] HCANN000001: Hibernate Commons Annotations {5.0.4.Final}
2021-05-04 13:32:00,777 INFO org.hibernate.dialect.Dialect [restartedMain] HHH000400: Using dialect: org.hibernate.dialect.H2Dialect
2021-05-04 13:32:01,566 INFO org.hibernate.tool.schema.internal.SchemaCreatorImpl [restartedMain] HHH000476: Executing import script 'org.hibernate.tool.schema.internal.exec.ScriptSourceInputNonExistentImpl@6aa7979b'
2021-05-04 13:32:01,569 INFO org.springframework.orm.jpa.AbstractEntityManagerFactoryBean [restartedMain] Initialized JPA EntityManagerFactory for persistence unit 'default'
2021-05-04 13:32:01,620 INFO org.springframework.boot.devtools.autoconfigure.OptionalLiveReloadServer [restartedMain] LiveReload server is running on port 35729
2021-05-04 13:32:02,705 INFO org.springframework.security.web.DefaultSecurityFilterChain [restartedMain] Creating filter chain: any request, [org.springframework.security.web.context.request.async.WebAsyncManagerIntegrationFilter@218b4a54, org.springframework.security.web.context.SecurityContextPersistenceFilter@2e5c49a6, org.springframework.security.web.header.HeaderWriterFilter@49c82233, org.springframework.security.web.authentication.logout.LogoutFilter@12167516, org.springframework.security.web.authentication.www.BasicAuthenticationFilter@41b68fdc, org.springframework.security.web.savedrequest.RequestCacheAwareFilter@b44889a, org.springframework.security.web.servletapi.SecurityContextHolderAwareRequestFilter@3bd68a41, org.springframework.security.web.authentication.AnonymousAuthenticationFilter@611c59f8, org.springframework.security.web.session.SessionManagementFilter@461a890f, org.springframework.security.web.access.ExceptionTranslationFilter@55ebe905, org.springframework.security.web.access.intercept.FilterSecurityInterceptor@bfb64b0]
2021-05-04 13:32:02,854 INFO org.springframework.scheduling.concurrent.ExecutorConfigurationSupport [restartedMain] Initializing ExecutorService 'applicationTaskExecutor'
2021-05-04 13:32:02,910 INFO main.app.config.WebAppConfigAdapter [restartedMain] this method will get invoked by container while deployment
2021-05-04 13:32:02,911 INFO main.app.config.WebAppConfigAdapter [restartedMain] value of interceptor is main.app.interceptor.CustomInterceptor@6c10edb9
2021-05-04 13:32:02,915 WARN org.springframework.boot.autoconfigure.orm.jpa.JpaBaseConfiguration$JpaWebConfiguration$JpaWebMvcConfiguration [restartedMain] spring.jpa.open-in-view is enabled by default. Therefore, database queries may be performed during view rendering. Explicitly configure spring.jpa.open-in-view to disable this warning
2021-05-04 13:32:03,173 WARN org.springframework.boot.autoconfigure.thymeleaf.ThymeleafAutoConfiguration$DefaultTemplateResolverConfiguration [restartedMain] Cannot find template location: classpath:/templates/ (please add some templates or check your Thymeleaf configuration)
2021-05-04 13:32:03,727 INFO org.springframework.boot.actuate.endpoint.web.EndpointLinksResolver [restartedMain] Exposing 2 endpoint(s) beneath base path '/actuator'
2021-05-04 13:32:04,166 INFO org.apache.juli.logging.DirectJDKLog [restartedMain] Starting ProtocolHandler ["http-nio-8080"]
2021-05-04 13:32:04,186 INFO org.springframework.boot.web.embedded.tomcat.TomcatWebServer [restartedMain] Tomcat started on port(s): 8080 (http) with context path ''
2021-05-04 13:32:04,189 INFO org.springframework.boot.StartupInfoLogger [restartedMain] Started MySpringBootApplication in 11.253 seconds (JVM running for 12.67)
2021-05-04 13:32:39,806 INFO org.apache.juli.logging.DirectJDKLog [http-nio-8080-exec-1] Initializing Spring DispatcherServlet 'dispatcherServlet'
2021-05-04 13:32:39,807 INFO org.springframework.web.servlet.FrameworkServlet [http-nio-8080-exec-1] Initializing Servlet 'dispatcherServlet'
2021-05-04 13:32:39,823 INFO org.springframework.web.servlet.FrameworkServlet [http-nio-8080-exec-1] Completed initialization in 16 ms
2021-05-04 13:32:39,848 INFO main.app.filter.CustomFirstFilter [http-nio-8080-exec-1] This CustomFirstFilter is only called when request is mapped for /filterExample resource
2021-05-04 13:32:39,849 INFO main.app.filter.CustomSecondFilter [http-nio-8080-exec-1] CustomSecondFilter  is only called when request is mapped for /filterExample resource
2021-05-04 13:32:40,149 INFO main.app.interceptor.CustomInterceptor [http-nio-8080-exec-1] Inside the Pre Handle method
2021-05-04 13:32:40,651 INFO main.app.interceptor.CustomInterceptor [http-nio-8080-exec-1] Inside the Post Handle method
2021-05-04 13:32:40,653 INFO main.app.interceptor.CustomInterceptor [http-nio-8080-exec-1] After completion of request and response
2021-05-04 13:33:06,836 INFO main.app.filter.CustomFirstFilter [http-nio-8080-exec-2] This CustomFirstFilter is only called when request is mapped for /filterExample resource
2021-05-04 13:33:06,836 INFO main.app.filter.CustomSecondFilter [http-nio-8080-exec-2] CustomSecondFilter  is only called when request is mapped for /filterExample resource
2021-05-04 13:33:06,912 INFO main.app.interceptor.CustomInterceptor [http-nio-8080-exec-2] Inside the Pre Handle method
2021-05-04 13:33:06,918 INFO main.app.interceptor.CustomInterceptor [http-nio-8080-exec-2] Inside the Post Handle method
2021-05-04 13:33:06,919 INFO main.app.interceptor.CustomInterceptor [http-nio-8080-exec-2] After completion of request and response
2021-05-04 13:34:18,008 INFO main.app.filter.CustomFirstFilter [http-nio-8080-exec-4] This CustomFirstFilter is only called when request is mapped for /filterExample resource
2021-05-04 13:34:18,008 INFO main.app.filter.CustomSecondFilter [http-nio-8080-exec-4] CustomSecondFilter  is only called when request is mapped for /filterExample resource
2021-05-04 13:34:18,091 INFO main.app.interceptor.CustomInterceptor [http-nio-8080-exec-4] Inside the Pre Handle method
2021-05-04 13:34:18,360 INFO main.app.interceptor.CustomInterceptor [http-nio-8080-exec-4] Inside the Post Handle method
2021-05-04 13:34:18,360 INFO main.app.interceptor.CustomInterceptor [http-nio-8080-exec-4] After completion of request and response
2021-05-04 13:35:01,732 INFO org.springframework.scheduling.concurrent.ExecutorConfigurationSupport [Thread-12] Shutting down ExecutorService 'applicationTaskExecutor'
2021-05-04 13:35:01,735 INFO org.springframework.orm.jpa.AbstractEntityManagerFactoryBean [Thread-12] Closing JPA EntityManagerFactory for persistence unit 'default'
2021-05-04 13:35:01,740 INFO org.hibernate.tool.schema.internal.SchemaDropperImpl$DelayedDropActionImpl [Thread-12] HHH000477: Starting delayed evictData of schema as part of SessionFactory shut-down'
2021-05-04 13:35:02,029 INFO com.zaxxer.hikari.HikariDataSource [Thread-12] HikariPool-1 - Shutdown initiated...
2021-05-04 13:35:02,255 INFO com.zaxxer.hikari.HikariDataSource [Thread-12] HikariPool-1 - Shutdown completed.
2021-05-04 13:35:02,265 INFO main.app.filter.CustomSecondFilter [Thread-12] ########## Destroying CustomSecondFilter filter ##########
2021-05-04 13:35:02,265 INFO main.app.filter.CustomFirstFilter [Thread-12] ########## Destroying CustomFirstFilter filter ##########
{"application": "application-name_IS_UNDEFINED",
                "datetime": "2021-05-04T13:35:06,792+02:00",
                "applicationVersion": "application-version_IS_UNDEFINED",
                "class": "o.s.b.d.e.DevToolsPropertyDefaultsPostProcessor",
                "loglevel": "INFO",
                "traceId": "",
                "spanId": "",
                "message": "Devtools property defaults active! Set 'spring.devtools.add-properties' to 'false' to disable"}
{"application": "application-name_IS_UNDEFINED",
                "datetime": "2021-05-04T13:35:07,051+02:00",
                "applicationVersion": "application-version_IS_UNDEFINED",
                "class": "o.s.c.s.PostProcessorRegistrationDelegate$BeanPostProcessorChecker",
                "loglevel": "INFO",
                "traceId": "",
                "spanId": "",
                "message": "Bean 'org.springframework.cloud.autoconfigure.ConfigurationPropertiesRebinderAutoConfiguration' of type [org.springframework.cloud.autoconfigure.ConfigurationPropertiesRebinderAutoConfiguration$$EnhancerBySpringCGLIB$$177a4981] is not eligible for getting processed by all BeanPostProcessors (for example: not eligible for auto-proxying)"}
{"application": "my-springboot-app",
                "datetime": "2021-05-04T13:35:07,264+02:00",
                "applicationVersion": "application-version_IS_UNDEFINED",
                "class": "main.app.MySpringBootApplication",
                "loglevel": "INFO",
                "traceId": "",
                "spanId": "",
                "message": "No active profile set, falling back to default profiles: default"}
{"application": "my-springboot-app",
                "datetime": "2021-05-04T13:35:08,490+02:00",
                "applicationVersion": "application-version_IS_UNDEFINED",
                "class": "o.s.d.r.c.RepositoryConfigurationDelegate",
                "loglevel": "INFO",
                "traceId": "",
                "spanId": "",
                "message": "Bootstrapping Spring Data repositories in DEFAULT mode."}
{"application": "my-springboot-app",
                "datetime": "2021-05-04T13:35:08,551+02:00",
                "applicationVersion": "application-version_IS_UNDEFINED",
                "class": "o.s.d.r.c.RepositoryConfigurationDelegate",
                "loglevel": "INFO",
                "traceId": "",
                "spanId": "",
                "message": "Finished Spring Data repository scanning in 51ms. Found 2 repository interfaces."}
{"application": "my-springboot-app",
                "datetime": "2021-05-04T13:35:09,006+02:00",
                "applicationVersion": "application-version_IS_UNDEFINED",
                "class": "o.s.cloud.context.scope.GenericScope",
                "loglevel": "INFO",
                "traceId": "",
                "spanId": "",
                "message": "BeanFactory id=702ca698-5e42-38f7-8405-37872650b47a"}
{"application": "my-springboot-app",
                "datetime": "2021-05-04T13:35:09,261+02:00",
                "applicationVersion": "application-version_IS_UNDEFINED",
                "class": "o.s.c.s.PostProcessorRegistrationDelegate$BeanPostProcessorChecker",
                "loglevel": "INFO",
                "traceId": "",
                "spanId": "",
                "message": "Bean 'org.springframework.transaction.annotation.ProxyTransactionManagementConfiguration' of type [org.springframework.transaction.annotation.ProxyTransactionManagementConfiguration$$EnhancerBySpringCGLIB$$fb604684] is not eligible for getting processed by all BeanPostProcessors (for example: not eligible for auto-proxying)"}
{"application": "my-springboot-app",
                "datetime": "2021-05-04T13:35:09,372+02:00",
                "applicationVersion": "application-version_IS_UNDEFINED",
                "class": "o.s.c.s.PostProcessorRegistrationDelegate$BeanPostProcessorChecker",
                "loglevel": "INFO",
                "traceId": "",
                "spanId": "",
                "message": "Bean 'org.springframework.cloud.autoconfigure.ConfigurationPropertiesRebinderAutoConfiguration' of type [org.springframework.cloud.autoconfigure.ConfigurationPropertiesRebinderAutoConfiguration$$EnhancerBySpringCGLIB$$177a4981] is not eligible for getting processed by all BeanPostProcessors (for example: not eligible for auto-proxying)"}
{"application": "my-springboot-app",
                "datetime": "2021-05-04T13:35:09,951+02:00",
                "applicationVersion": "application-version_IS_UNDEFINED",
                "class": "o.s.b.w.e.tomcat.TomcatWebServer",
                "loglevel": "INFO",
                "traceId": "",
                "spanId": "",
                "message": "Tomcat initialized with port(s): 8080 (http)"}
{"application": "my-springboot-app",
                "datetime": "2021-05-04T13:35:09,962+02:00",
                "applicationVersion": "application-version_IS_UNDEFINED",
                "class": "o.a.coyote.http11.Http11NioProtocol",
                "loglevel": "INFO",
                "traceId": "",
                "spanId": "",
                "message": "Initializing ProtocolHandler [\"http-nio-8080\"]"}
{"application": "my-springboot-app",
                "datetime": "2021-05-04T13:35:09,970+02:00",
                "applicationVersion": "application-version_IS_UNDEFINED",
                "class": "o.a.catalina.core.StandardService",
                "loglevel": "INFO",
                "traceId": "",
                "spanId": "",
                "message": "Starting service [Tomcat]"}
{"application": "my-springboot-app",
                "datetime": "2021-05-04T13:35:09,971+02:00",
                "applicationVersion": "application-version_IS_UNDEFINED",
                "class": "o.a.catalina.core.StandardEngine",
                "loglevel": "INFO",
                "traceId": "",
                "spanId": "",
                "message": "Starting Servlet engine: [Apache Tomcat/9.0.22]"}
{"application": "my-springboot-app",
                "datetime": "2021-05-04T13:35:10,067+02:00",
                "applicationVersion": "application-version_IS_UNDEFINED",
                "class": "o.a.c.c.C.[Tomcat].[localhost].[/]",
                "loglevel": "INFO",
                "traceId": "",
                "spanId": "",
                "message": "Initializing Spring embedded WebApplicationContext"}
{"application": "my-springboot-app",
                "datetime": "2021-05-04T13:35:10,067+02:00",
                "applicationVersion": "application-version_IS_UNDEFINED",
                "class": "o.s.web.context.ContextLoader",
                "loglevel": "INFO",
                "traceId": "",
                "spanId": "",
                "message": "Root WebApplicationContext: initialization completed in 2770 ms"}
{"application": "my-springboot-app",
                "datetime": "2021-05-04T13:35:11,378+02:00",
                "applicationVersion": "application-version_IS_UNDEFINED",
                "class": "main.app.filter.CustomSecondFilter",
                "loglevel": "INFO",
                "traceId": "",
                "spanId": "",
                "message": "########## Initiating CustomSecondFilter filter ##########"}
{"application": "my-springboot-app",
                "datetime": "2021-05-04T13:35:11,381+02:00",
                "applicationVersion": "application-version_IS_UNDEFINED",
                "class": "main.app.filter.CustomFirstFilter",
                "loglevel": "INFO",
                "traceId": "",
                "spanId": "",
                "message": "########## Initiating CustomFirstFilter filter ##########"}
{"application": "my-springboot-app",
                "datetime": "2021-05-04T13:35:11,473+02:00",
                "applicationVersion": "application-version_IS_UNDEFINED",
                "class": "com.zaxxer.hikari.HikariDataSource",
                "loglevel": "INFO",
                "traceId": "",
                "spanId": "",
                "message": "HikariPool-1 - Starting..."}
{"application": "my-springboot-app",
                "datetime": "2021-05-04T13:35:11,625+02:00",
                "applicationVersion": "application-version_IS_UNDEFINED",
                "class": "com.zaxxer.hikari.HikariDataSource",
                "loglevel": "INFO",
                "traceId": "",
                "spanId": "",
                "message": "HikariPool-1 - Start completed."}
{"application": "my-springboot-app",
                "datetime": "2021-05-04T13:35:11,724+02:00",
                "applicationVersion": "application-version_IS_UNDEFINED",
                "class": "o.h.jpa.internal.util.LogHelper",
                "loglevel": "INFO",
                "traceId": "",
                "spanId": "",
                "message": "HHH000204: Processing PersistenceUnitInfo [
	name: default
	...]"}
{"application": "my-springboot-app",
                "datetime": "2021-05-04T13:35:11,794+02:00",
                "applicationVersion": "application-version_IS_UNDEFINED",
                "class": "org.hibernate.Version",
                "loglevel": "INFO",
                "traceId": "",
                "spanId": "",
                "message": "HHH000412: Hibernate Core {5.3.10.Final}"}
{"application": "my-springboot-app",
                "datetime": "2021-05-04T13:35:11,795+02:00",
                "applicationVersion": "application-version_IS_UNDEFINED",
                "class": "org.hibernate.cfg.Environment",
                "loglevel": "INFO",
                "traceId": "",
                "spanId": "",
                "message": "HHH000206: hibernate.properties not found"}
{"application": "my-springboot-app",
                "datetime": "2021-05-04T13:35:12,002+02:00",
                "applicationVersion": "application-version_IS_UNDEFINED",
                "class": "o.h.annotations.common.Version",
                "loglevel": "INFO",
                "traceId": "",
                "spanId": "",
                "message": "HCANN000001: Hibernate Commons Annotations {5.0.4.Final}"}
{"application": "my-springboot-app",
                "datetime": "2021-05-04T13:35:12,128+02:00",
                "applicationVersion": "application-version_IS_UNDEFINED",
                "class": "org.hibernate.dialect.Dialect",
                "loglevel": "INFO",
                "traceId": "",
                "spanId": "",
                "message": "HHH000400: Using dialect: org.hibernate.dialect.H2Dialect"}
{"application": "my-springboot-app",
                "datetime": "2021-05-04T13:35:12,766+02:00",
                "applicationVersion": "application-version_IS_UNDEFINED",
                "class": "o.h.t.s.internal.SchemaCreatorImpl",
                "loglevel": "INFO",
                "traceId": "",
                "spanId": "",
                "message": "HHH000476: Executing import script 'org.hibernate.tool.schema.internal.exec.ScriptSourceInputNonExistentImpl@d43d998'"}
{"application": "my-springboot-app",
                "datetime": "2021-05-04T13:35:12,769+02:00",
                "applicationVersion": "application-version_IS_UNDEFINED",
                "class": "o.s.o.j.LocalContainerEntityManagerFactoryBean",
                "loglevel": "INFO",
                "traceId": "",
                "spanId": "",
                "message": "Initialized JPA EntityManagerFactory for persistence unit 'default'"}
{"application": "my-springboot-app",
                "datetime": "2021-05-04T13:35:12,799+02:00",
                "applicationVersion": "application-version_IS_UNDEFINED",
                "class": "o.s.b.d.a.OptionalLiveReloadServer",
                "loglevel": "INFO",
                "traceId": "",
                "spanId": "",
                "message": "LiveReload server is running on port 35729"}
{"application": "my-springboot-app",
                "datetime": "2021-05-04T13:35:13,685+02:00",
                "applicationVersion": "application-version_IS_UNDEFINED",
                "class": "o.s.s.web.DefaultSecurityFilterChain",
                "loglevel": "INFO",
                "traceId": "",
                "spanId": "",
                "message": "Creating filter chain: any request, [org.springframework.security.web.context.request.async.WebAsyncManagerIntegrationFilter@85d4db8, org.springframework.security.web.context.SecurityContextPersistenceFilter@1aa5035b, org.springframework.security.web.header.HeaderWriterFilter@e908ced, org.springframework.security.web.authentication.logout.LogoutFilter@a592996, org.springframework.security.web.authentication.www.BasicAuthenticationFilter@195ed3bd, org.springframework.security.web.savedrequest.RequestCacheAwareFilter@6f9acfce, org.springframework.security.web.servletapi.SecurityContextHolderAwareRequestFilter@5749c78f, org.springframework.security.web.authentication.AnonymousAuthenticationFilter@7835754d, org.springframework.security.web.session.SessionManagementFilter@158a8aec, org.springframework.security.web.access.ExceptionTranslationFilter@138dbe3f, org.springframework.security.web.access.intercept.FilterSecurityInterceptor@4aa4215a]"}
{"application": "my-springboot-app",
                "datetime": "2021-05-04T13:35:13,807+02:00",
                "applicationVersion": "application-version_IS_UNDEFINED",
                "class": "o.s.s.c.ThreadPoolTaskExecutor",
                "loglevel": "INFO",
                "traceId": "",
                "spanId": "",
                "message": "Initializing ExecutorService 'applicationTaskExecutor'"}
{"application": "my-springboot-app",
                "datetime": "2021-05-04T13:35:13,859+02:00",
                "applicationVersion": "application-version_IS_UNDEFINED",
                "class": "main.app.config.WebAppConfigAdapter",
                "loglevel": "INFO",
                "traceId": "",
                "spanId": "",
                "message": "this method will get invoked by container while deployment"}
{"application": "my-springboot-app",
                "datetime": "2021-05-04T13:35:13,860+02:00",
                "applicationVersion": "application-version_IS_UNDEFINED",
                "class": "main.app.config.WebAppConfigAdapter",
                "loglevel": "INFO",
                "traceId": "",
                "spanId": "",
                "message": "value of interceptor is main.app.interceptor.CustomInterceptor@406a7b1e"}
{"application": "my-springboot-app",
                "datetime": "2021-05-04T13:35:13,863+02:00",
                "applicationVersion": "application-version_IS_UNDEFINED",
                "class": "o.s.b.a.o.j.JpaBaseConfiguration$JpaWebConfiguration$JpaWebMvcConfiguration",
                "loglevel": "WARN",
                "traceId": "",
                "spanId": "",
                "message": "spring.jpa.open-in-view is enabled by default. Therefore, database queries may be performed during view rendering. Explicitly configure spring.jpa.open-in-view to disable this warning"}
{"application": "my-springboot-app",
                "datetime": "2021-05-04T13:35:14,061+02:00",
                "applicationVersion": "application-version_IS_UNDEFINED",
                "class": "o.s.b.a.t.ThymeleafAutoConfiguration$DefaultTemplateResolverConfiguration",
                "loglevel": "WARN",
                "traceId": "",
                "spanId": "",
                "message": "Cannot find template location: classpath:/templates/ (please add some templates or check your Thymeleaf configuration)"}
{"application": "my-springboot-app",
                "datetime": "2021-05-04T13:35:14,460+02:00",
                "applicationVersion": "application-version_IS_UNDEFINED",
                "class": "o.s.b.a.e.web.EndpointLinksResolver",
                "loglevel": "INFO",
                "traceId": "",
                "spanId": "",
                "message": "Exposing 2 endpoint(s) beneath base path '/actuator'"}
{"application": "my-springboot-app",
                "datetime": "2021-05-04T13:35:14,829+02:00",
                "applicationVersion": "application-version_IS_UNDEFINED",
                "class": "o.a.coyote.http11.Http11NioProtocol",
                "loglevel": "INFO",
                "traceId": "",
                "spanId": "",
                "message": "Starting ProtocolHandler [\"http-nio-8080\"]"}
{"application": "my-springboot-app",
                "datetime": "2021-05-04T13:35:14,852+02:00",
                "applicationVersion": "application-version_IS_UNDEFINED",
                "class": "o.s.b.w.e.tomcat.TomcatWebServer",
                "loglevel": "INFO",
                "traceId": "",
                "spanId": "",
                "message": "Tomcat started on port(s): 8080 (http) with context path ''"}
{"application": "my-springboot-app",
                "datetime": "2021-05-04T13:35:14,855+02:00",
                "applicationVersion": "application-version_IS_UNDEFINED",
                "class": "main.app.MySpringBootApplication",
                "loglevel": "INFO",
                "traceId": "",
                "spanId": "",
                "message": "Started MySpringBootApplication in 8.486 seconds (JVM running for 9.096)"}
{"application": "my-springboot-app",
                "datetime": "2021-05-04T13:35:27,556+02:00",
                "applicationVersion": "application-version_IS_UNDEFINED",
                "class": "o.a.c.c.C.[Tomcat].[localhost].[/]",
                "loglevel": "INFO",
                "traceId": "",
                "spanId": "",
                "message": "Initializing Spring DispatcherServlet 'dispatcherServlet'"}
{"application": "my-springboot-app",
                "datetime": "2021-05-04T13:35:27,557+02:00",
                "applicationVersion": "application-version_IS_UNDEFINED",
                "class": "o.s.web.servlet.DispatcherServlet",
                "loglevel": "INFO",
                "traceId": "",
                "spanId": "",
                "message": "Initializing Servlet 'dispatcherServlet'"}
{"application": "my-springboot-app",
                "datetime": "2021-05-04T13:35:27,572+02:00",
                "applicationVersion": "application-version_IS_UNDEFINED",
                "class": "o.s.web.servlet.DispatcherServlet",
                "loglevel": "INFO",
                "traceId": "",
                "spanId": "",
                "message": "Completed initialization in 15 ms"}
{"application": "my-springboot-app",
                "datetime": "2021-05-04T13:35:27,593+02:00",
                "applicationVersion": "application-version_IS_UNDEFINED",
                "class": "main.app.filter.CustomFirstFilter",
                "loglevel": "INFO",
                "traceId": "52b2c3ad42b54b29",
                "spanId": "52b2c3ad42b54b29",
                "message": "This CustomFirstFilter is only called when request is mapped for /filterExample resource"}
{"application": "my-springboot-app",
                "datetime": "2021-05-04T13:35:27,593+02:00",
                "applicationVersion": "application-version_IS_UNDEFINED",
                "class": "main.app.filter.CustomSecondFilter",
                "loglevel": "INFO",
                "traceId": "52b2c3ad42b54b29",
                "spanId": "52b2c3ad42b54b29",
                "message": "CustomSecondFilter  is only called when request is mapped for /filterExample resource"}
{"application": "my-springboot-app",
                "datetime": "2021-05-04T13:35:27,943+02:00",
                "applicationVersion": "application-version_IS_UNDEFINED",
                "class": "m.app.interceptor.CustomInterceptor",
                "loglevel": "INFO",
                "traceId": "52b2c3ad42b54b29",
                "spanId": "52b2c3ad42b54b29",
                "message": "Inside the Pre Handle method"}
{"application": "my-springboot-app",
                "datetime": "2021-05-04T13:35:27,958+02:00",
                "applicationVersion": "application-version_IS_UNDEFINED",
                "class": "main.app.service.EmployeeService",
                "loglevel": "INFO",
                "traceId": "52b2c3ad42b54b29",
                "spanId": "52b2c3ad42b54b29",
                "message": "calling employee information service"}
{"application": "my-springboot-app",
                "datetime": "2021-05-04T13:35:28,178+02:00",
                "applicationVersion": "application-version_IS_UNDEFINED",
                "class": "m.app.interceptor.CustomInterceptor",
                "loglevel": "INFO",
                "traceId": "52b2c3ad42b54b29",
                "spanId": "52b2c3ad42b54b29",
                "message": "Inside the Post Handle method"}
{"application": "my-springboot-app",
                "datetime": "2021-05-04T13:35:28,179+02:00",
                "applicationVersion": "application-version_IS_UNDEFINED",
                "class": "m.app.interceptor.CustomInterceptor",
                "loglevel": "INFO",
                "traceId": "52b2c3ad42b54b29",
                "spanId": "52b2c3ad42b54b29",
                "message": "After completion of request and response"}
{"application": "my-springboot-app",
                "datetime": "2021-05-04T13:39:54,973+02:00",
                "applicationVersion": "application-version_IS_UNDEFINED",
                "class": "o.s.s.c.ThreadPoolTaskExecutor",
                "loglevel": "INFO",
                "traceId": "",
                "spanId": "",
                "message": "Shutting down ExecutorService 'applicationTaskExecutor'"}
{"application": "my-springboot-app",
                "datetime": "2021-05-04T13:39:54,979+02:00",
                "applicationVersion": "application-version_IS_UNDEFINED",
                "class": "o.s.o.j.LocalContainerEntityManagerFactoryBean",
                "loglevel": "INFO",
                "traceId": "",
                "spanId": "",
                "message": "Closing JPA EntityManagerFactory for persistence unit 'default'"}
{"application": "my-springboot-app",
                "datetime": "2021-05-04T13:39:54,980+02:00",
                "applicationVersion": "application-version_IS_UNDEFINED",
                "class": "o.h.t.s.i.SchemaDropperImpl$DelayedDropActionImpl",
                "loglevel": "INFO",
                "traceId": "",
                "spanId": "",
                "message": "HHH000477: Starting delayed evictData of schema as part of SessionFactory shut-down'"}
{"application": "my-springboot-app",
                "datetime": "2021-05-04T13:39:54,994+02:00",
                "applicationVersion": "application-version_IS_UNDEFINED",
                "class": "com.zaxxer.hikari.HikariDataSource",
                "loglevel": "INFO",
                "traceId": "",
                "spanId": "",
                "message": "HikariPool-1 - Shutdown initiated..."}
{"application": "my-springboot-app",
                "datetime": "2021-05-04T13:39:55,025+02:00",
                "applicationVersion": "application-version_IS_UNDEFINED",
                "class": "com.zaxxer.hikari.HikariDataSource",
                "loglevel": "INFO",
                "traceId": "",
                "spanId": "",
                "message": "HikariPool-1 - Shutdown completed."}
{"application": "my-springboot-app",
                "datetime": "2021-05-04T13:39:55,041+02:00",
                "applicationVersion": "application-version_IS_UNDEFINED",
                "class": "main.app.filter.CustomSecondFilter",
                "loglevel": "INFO",
                "traceId": "",
                "spanId": "",
                "message": "########## Destroying CustomSecondFilter filter ##########"}
{"application": "my-springboot-app",
                "datetime": "2021-05-04T13:39:55,043+02:00",
                "applicationVersion": "application-version_IS_UNDEFINED",
                "class": "main.app.filter.CustomFirstFilter",
                "loglevel": "INFO",
                "traceId": "",
                "spanId": "",
                "message": "########## Destroying CustomFirstFilter filter ##########"}
{"application": "application-name_IS_UNDEFINED",
                "datetime": "2021-05-04T13:39:55,190+02:00",
                "applicationVersion": "application-version_IS_UNDEFINED",
                "class": "o.s.c.s.PostProcessorRegistrationDelegate$BeanPostProcessorChecker",
                "loglevel": "INFO",
                "traceId": "",
                "spanId": "",
                "message": "Bean 'org.springframework.cloud.autoconfigure.ConfigurationPropertiesRebinderAutoConfiguration' of type [org.springframework.cloud.autoconfigure.ConfigurationPropertiesRebinderAutoConfiguration$$EnhancerBySpringCGLIB$$177a4981] is not eligible for getting processed by all BeanPostProcessors (for example: not eligible for auto-proxying)"}
{"application": "my-springboot-app",
                "datetime": "2021-05-04T13:39:55,215+02:00",
                "applicationVersion": "application-version_IS_UNDEFINED",
                "class": "main.app.MySpringBootApplication",
                "loglevel": "INFO",
                "traceId": "",
                "spanId": "",
                "message": "No active profile set, falling back to default profiles: default"}
{"application": "my-springboot-app",
                "datetime": "2021-05-04T13:39:55,654+02:00",
                "applicationVersion": "application-version_IS_UNDEFINED",
                "class": "o.s.d.r.c.RepositoryConfigurationDelegate",
                "loglevel": "INFO",
                "traceId": "",
                "spanId": "",
                "message": "Bootstrapping Spring Data repositories in DEFAULT mode."}
{"application": "my-springboot-app",
                "datetime": "2021-05-04T13:39:55,656+02:00",
                "applicationVersion": "application-version_IS_UNDEFINED",
                "class": "o.s.d.r.c.RepositoryConfigurationDelegate",
                "loglevel": "INFO",
                "traceId": "",
                "spanId": "",
                "message": "Finished Spring Data repository scanning in 1ms. Found 0 repository interfaces."}
{"application": "my-springboot-app",
                "datetime": "2021-05-04T13:39:55,781+02:00",
                "applicationVersion": "application-version_IS_UNDEFINED",
                "class": "o.s.cloud.context.scope.GenericScope",
                "loglevel": "INFO",
                "traceId": "",
                "spanId": "",
                "message": "BeanFactory id=a3bc86ae-2a6c-3330-99a0-6140e39e74fa"}
{"application": "my-springboot-app",
                "datetime": "2021-05-04T13:39:55,876+02:00",
                "applicationVersion": "application-version_IS_UNDEFINED",
                "class": "o.s.c.s.PostProcessorRegistrationDelegate$BeanPostProcessorChecker",
                "loglevel": "INFO",
                "traceId": "",
                "spanId": "",
                "message": "Bean 'org.springframework.transaction.annotation.ProxyTransactionManagementConfiguration' of type [org.springframework.transaction.annotation.ProxyTransactionManagementConfiguration$$EnhancerBySpringCGLIB$$fb604684] is not eligible for getting processed by all BeanPostProcessors (for example: not eligible for auto-proxying)"}
{"application": "my-springboot-app",
                "datetime": "2021-05-04T13:39:55,915+02:00",
                "applicationVersion": "application-version_IS_UNDEFINED",
                "class": "o.s.c.s.PostProcessorRegistrationDelegate$BeanPostProcessorChecker",
                "loglevel": "INFO",
                "traceId": "",
                "spanId": "",
                "message": "Bean 'org.springframework.cloud.autoconfigure.ConfigurationPropertiesRebinderAutoConfiguration' of type [org.springframework.cloud.autoconfigure.ConfigurationPropertiesRebinderAutoConfiguration$$EnhancerBySpringCGLIB$$177a4981] is not eligible for getting processed by all BeanPostProcessors (for example: not eligible for auto-proxying)"}
{"application": "my-springboot-app",
                "datetime": "2021-05-04T13:39:56,297+02:00",
                "applicationVersion": "application-version_IS_UNDEFINED",
                "class": "o.s.b.w.e.tomcat.TomcatWebServer",
                "loglevel": "INFO",
                "traceId": "",
                "spanId": "",
                "message": "Tomcat initialized with port(s): 8080 (http)"}
{"application": "my-springboot-app",
                "datetime": "2021-05-04T13:39:56,300+02:00",
                "applicationVersion": "application-version_IS_UNDEFINED",
                "class": "o.a.coyote.http11.Http11NioProtocol",
                "loglevel": "INFO",
                "traceId": "",
                "spanId": "",
                "message": "Initializing ProtocolHandler [\"http-nio-8080\"]"}
{"application": "my-springboot-app",
                "datetime": "2021-05-04T13:39:56,301+02:00",
                "applicationVersion": "application-version_IS_UNDEFINED",
                "class": "o.a.catalina.core.StandardService",
                "loglevel": "INFO",
                "traceId": "",
                "spanId": "",
                "message": "Starting service [Tomcat]"}
{"application": "my-springboot-app",
                "datetime": "2021-05-04T13:39:56,302+02:00",
                "applicationVersion": "application-version_IS_UNDEFINED",
                "class": "o.a.catalina.core.StandardEngine",
                "loglevel": "INFO",
                "traceId": "",
                "spanId": "",
                "message": "Starting Servlet engine: [Apache Tomcat/9.0.22]"}
{"application": "my-springboot-app",
                "datetime": "2021-05-04T13:39:56,364+02:00",
                "applicationVersion": "application-version_IS_UNDEFINED",
                "class": "o.a.c.c.C.[Tomcat].[localhost].[/]",
                "loglevel": "INFO",
                "traceId": "",
                "spanId": "",
                "message": "Initializing Spring embedded WebApplicationContext"}
{"application": "my-springboot-app",
                "datetime": "2021-05-04T13:39:56,369+02:00",
                "applicationVersion": "application-version_IS_UNDEFINED",
                "class": "o.s.web.context.ContextLoader",
                "loglevel": "INFO",
                "traceId": "",
                "spanId": "",
                "message": "Root WebApplicationContext: initialization completed in 1153 ms"}
{"application": "application-name_IS_UNDEFINED",
                "datetime": "2021-05-04T13:40:23,449+02:00",
                "applicationVersion": "application-version_IS_UNDEFINED",
                "class": "o.s.b.d.e.DevToolsPropertyDefaultsPostProcessor",
                "loglevel": "INFO",
                "traceId": "",
                "spanId": "",
                "message": "Devtools property defaults active! Set 'spring.devtools.add-properties' to 'false' to disable"}
{"application": "application-name_IS_UNDEFINED",
                "datetime": "2021-05-04T13:40:23,754+02:00",
                "applicationVersion": "application-version_IS_UNDEFINED",
                "class": "o.s.c.s.PostProcessorRegistrationDelegate$BeanPostProcessorChecker",
                "loglevel": "INFO",
                "traceId": "",
                "spanId": "",
                "message": "Bean 'org.springframework.cloud.autoconfigure.ConfigurationPropertiesRebinderAutoConfiguration' of type [org.springframework.cloud.autoconfigure.ConfigurationPropertiesRebinderAutoConfiguration$$EnhancerBySpringCGLIB$$3a7b658a] is not eligible for getting processed by all BeanPostProcessors (for example: not eligible for auto-proxying)"}
{"application": "my-springboot-app",
                "datetime": "2021-05-04T13:40:23,924+02:00",
                "applicationVersion": "application-version_IS_UNDEFINED",
                "class": "main.app.MySpringBootApplication",
                "loglevel": "INFO",
                "traceId": "",
                "spanId": "",
                "message": "No active profile set, falling back to default profiles: default"}
{"application": "my-springboot-app",
                "datetime": "2021-05-04T13:40:24,829+02:00",
                "applicationVersion": "application-version_IS_UNDEFINED",
                "class": "o.s.d.r.c.RepositoryConfigurationDelegate",
                "loglevel": "INFO",
                "traceId": "",
                "spanId": "",
                "message": "Bootstrapping Spring Data repositories in DEFAULT mode."}
{"application": "my-springboot-app",
                "datetime": "2021-05-04T13:40:24,888+02:00",
                "applicationVersion": "application-version_IS_UNDEFINED",
                "class": "o.s.d.r.c.RepositoryConfigurationDelegate",
                "loglevel": "INFO",
                "traceId": "",
                "spanId": "",
                "message": "Finished Spring Data repository scanning in 52ms. Found 2 repository interfaces."}
{"application": "my-springboot-app",
                "datetime": "2021-05-04T13:40:25,366+02:00",
                "applicationVersion": "application-version_IS_UNDEFINED",
                "class": "o.s.cloud.context.scope.GenericScope",
                "loglevel": "INFO",
                "traceId": "",
                "spanId": "",
                "message": "BeanFactory id=702ca698-5e42-38f7-8405-37872650b47a"}
{"application": "my-springboot-app",
                "datetime": "2021-05-04T13:40:25,565+02:00",
                "applicationVersion": "application-version_IS_UNDEFINED",
                "class": "o.s.c.s.PostProcessorRegistrationDelegate$BeanPostProcessorChecker",
                "loglevel": "INFO",
                "traceId": "",
                "spanId": "",
                "message": "Bean 'org.springframework.transaction.annotation.ProxyTransactionManagementConfiguration' of type [org.springframework.transaction.annotation.ProxyTransactionManagementConfiguration$$EnhancerBySpringCGLIB$$1e61628d] is not eligible for getting processed by all BeanPostProcessors (for example: not eligible for auto-proxying)"}
{"application": "my-springboot-app",
                "datetime": "2021-05-04T13:40:25,646+02:00",
                "applicationVersion": "application-version_IS_UNDEFINED",
                "class": "o.s.c.s.PostProcessorRegistrationDelegate$BeanPostProcessorChecker",
                "loglevel": "INFO",
                "traceId": "",
                "spanId": "",
                "message": "Bean 'org.springframework.cloud.autoconfigure.ConfigurationPropertiesRebinderAutoConfiguration' of type [org.springframework.cloud.autoconfigure.ConfigurationPropertiesRebinderAutoConfiguration$$EnhancerBySpringCGLIB$$3a7b658a] is not eligible for getting processed by all BeanPostProcessors (for example: not eligible for auto-proxying)"}
{"application": "my-springboot-app",
                "datetime": "2021-05-04T13:40:26,275+02:00",
                "applicationVersion": "application-version_IS_UNDEFINED",
                "class": "o.s.b.w.e.tomcat.TomcatWebServer",
                "loglevel": "INFO",
                "traceId": "",
                "spanId": "",
                "message": "Tomcat initialized with port(s): 8080 (http)"}
{"application": "my-springboot-app",
                "datetime": "2021-05-04T13:40:26,286+02:00",
                "applicationVersion": "application-version_IS_UNDEFINED",
                "class": "o.a.coyote.http11.Http11NioProtocol",
                "loglevel": "INFO",
                "traceId": "",
                "spanId": "",
                "message": "Initializing ProtocolHandler [\"http-nio-8080\"]"}
{"application": "my-springboot-app",
                "datetime": "2021-05-04T13:40:26,294+02:00",
                "applicationVersion": "application-version_IS_UNDEFINED",
                "class": "o.a.catalina.core.StandardService",
                "loglevel": "INFO",
                "traceId": "",
                "spanId": "",
                "message": "Starting service [Tomcat]"}
{"application": "my-springboot-app",
                "datetime": "2021-05-04T13:40:26,294+02:00",
                "applicationVersion": "application-version_IS_UNDEFINED",
                "class": "o.a.catalina.core.StandardEngine",
                "loglevel": "INFO",
                "traceId": "",
                "spanId": "",
                "message": "Starting Servlet engine: [Apache Tomcat/9.0.22]"}
{"application": "my-springboot-app",
                "datetime": "2021-05-04T13:40:26,384+02:00",
                "applicationVersion": "application-version_IS_UNDEFINED",
                "class": "o.a.c.c.C.[Tomcat].[localhost].[/]",
                "loglevel": "INFO",
                "traceId": "",
                "spanId": "",
                "message": "Initializing Spring embedded WebApplicationContext"}
{"application": "my-springboot-app",
                "datetime": "2021-05-04T13:40:26,384+02:00",
                "applicationVersion": "application-version_IS_UNDEFINED",
                "class": "o.s.web.context.ContextLoader",
                "loglevel": "INFO",
                "traceId": "",
                "spanId": "",
                "message": "Root WebApplicationContext: initialization completed in 2443 ms"}
{"application": "my-springboot-app",
                "datetime": "2021-05-04T13:40:28,027+02:00",
                "applicationVersion": "application-version_IS_UNDEFINED",
                "class": "main.app.filter.CustomSecondFilter",
                "loglevel": "INFO",
                "traceId": "",
                "spanId": "",
                "message": "########## Initiating CustomSecondFilter filter ##########"}
{"application": "my-springboot-app",
                "datetime": "2021-05-04T13:40:28,031+02:00",
                "applicationVersion": "application-version_IS_UNDEFINED",
                "class": "main.app.filter.CustomFirstFilter",
                "loglevel": "INFO",
                "traceId": "",
                "spanId": "",
                "message": "########## Initiating CustomFirstFilter filter ##########"}
{"application": "my-springboot-app",
                "datetime": "2021-05-04T13:40:28,159+02:00",
                "applicationVersion": "application-version_IS_UNDEFINED",
                "class": "com.zaxxer.hikari.HikariDataSource",
                "loglevel": "INFO",
                "traceId": "",
                "spanId": "",
                "message": "HikariPool-1 - Starting..."}
{"application": "my-springboot-app",
                "datetime": "2021-05-04T13:40:28,350+02:00",
                "applicationVersion": "application-version_IS_UNDEFINED",
                "class": "com.zaxxer.hikari.HikariDataSource",
                "loglevel": "INFO",
                "traceId": "",
                "spanId": "",
                "message": "HikariPool-1 - Start completed."}
{"application": "my-springboot-app",
                "datetime": "2021-05-04T13:40:28,418+02:00",
                "applicationVersion": "application-version_IS_UNDEFINED",
                "class": "o.h.jpa.internal.util.LogHelper",
                "loglevel": "INFO",
                "traceId": "",
                "spanId": "",
                "message": "HHH000204: Processing PersistenceUnitInfo [
	name: default
	...]"}
{"application": "my-springboot-app",
                "datetime": "2021-05-04T13:40:28,465+02:00",
                "applicationVersion": "application-version_IS_UNDEFINED",
                "class": "org.hibernate.Version",
                "loglevel": "INFO",
                "traceId": "",
                "spanId": "",
                "message": "HHH000412: Hibernate Core {5.3.10.Final}"}
{"application": "my-springboot-app",
                "datetime": "2021-05-04T13:40:28,466+02:00",
                "applicationVersion": "application-version_IS_UNDEFINED",
                "class": "org.hibernate.cfg.Environment",
                "loglevel": "INFO",
                "traceId": "",
                "spanId": "",
                "message": "HHH000206: hibernate.properties not found"}
{"application": "my-springboot-app",
                "datetime": "2021-05-04T13:40:28,572+02:00",
                "applicationVersion": "application-version_IS_UNDEFINED",
                "class": "o.h.annotations.common.Version",
                "loglevel": "INFO",
                "traceId": "",
                "spanId": "",
                "message": "HCANN000001: Hibernate Commons Annotations {5.0.4.Final}"}
{"application": "my-springboot-app",
                "datetime": "2021-05-04T13:40:28,734+02:00",
                "applicationVersion": "application-version_IS_UNDEFINED",
                "class": "org.hibernate.dialect.Dialect",
                "loglevel": "INFO",
                "traceId": "",
                "spanId": "",
                "message": "HHH000400: Using dialect: org.hibernate.dialect.H2Dialect"}
{"application": "my-springboot-app",
                "datetime": "2021-05-04T13:40:29,326+02:00",
                "applicationVersion": "application-version_IS_UNDEFINED",
                "class": "o.h.t.s.internal.SchemaCreatorImpl",
                "loglevel": "INFO",
                "traceId": "",
                "spanId": "",
                "message": "HHH000476: Executing import script 'org.hibernate.tool.schema.internal.exec.ScriptSourceInputNonExistentImpl@7335cd85'"}
{"application": "my-springboot-app",
                "datetime": "2021-05-04T13:40:29,328+02:00",
                "applicationVersion": "application-version_IS_UNDEFINED",
                "class": "o.s.o.j.LocalContainerEntityManagerFactoryBean",
                "loglevel": "INFO",
                "traceId": "",
                "spanId": "",
                "message": "Initialized JPA EntityManagerFactory for persistence unit 'default'"}
{"application": "my-springboot-app",
                "datetime": "2021-05-04T13:40:29,356+02:00",
                "applicationVersion": "application-version_IS_UNDEFINED",
                "class": "o.s.b.d.a.OptionalLiveReloadServer",
                "loglevel": "WARN",
                "traceId": "",
                "spanId": "",
                "message": "Unable to start LiveReload server"}
{"application": "my-springboot-app",
                "datetime": "2021-05-04T13:40:30,212+02:00",
                "applicationVersion": "application-version_IS_UNDEFINED",
                "class": "o.s.s.web.DefaultSecurityFilterChain",
                "loglevel": "INFO",
                "traceId": "",
                "spanId": "",
                "message": "Creating filter chain: any request, [org.springframework.security.web.context.request.async.WebAsyncManagerIntegrationFilter@9b71ae6, org.springframework.security.web.context.SecurityContextPersistenceFilter@5e01dbe6, org.springframework.security.web.header.HeaderWriterFilter@628e3fe5, org.springframework.security.web.authentication.logout.LogoutFilter@337eb8cb, org.springframework.security.web.authentication.www.BasicAuthenticationFilter@7323a1bc, org.springframework.security.web.savedrequest.RequestCacheAwareFilter@b37b0d7, org.springframework.security.web.servletapi.SecurityContextHolderAwareRequestFilter@5635097d, org.springframework.security.web.authentication.AnonymousAuthenticationFilter@7afc607d, org.springframework.security.web.session.SessionManagementFilter@4b40f404, org.springframework.security.web.access.ExceptionTranslationFilter@59f64434, org.springframework.security.web.access.intercept.FilterSecurityInterceptor@3bb60e0a]"}
{"application": "my-springboot-app",
                "datetime": "2021-05-04T13:40:30,329+02:00",
                "applicationVersion": "application-version_IS_UNDEFINED",
                "class": "o.s.s.c.ThreadPoolTaskExecutor",
                "loglevel": "INFO",
                "traceId": "",
                "spanId": "",
                "message": "Initializing ExecutorService 'applicationTaskExecutor'"}
{"application": "my-springboot-app",
                "datetime": "2021-05-04T13:40:30,369+02:00",
                "applicationVersion": "application-version_IS_UNDEFINED",
                "class": "main.app.config.WebAppConfigAdapter",
                "loglevel": "INFO",
                "traceId": "",
                "spanId": "",
                "message": "this method will get invoked by container while deployment"}
{"application": "my-springboot-app",
                "datetime": "2021-05-04T13:40:30,369+02:00",
                "applicationVersion": "application-version_IS_UNDEFINED",
                "class": "main.app.config.WebAppConfigAdapter",
                "loglevel": "INFO",
                "traceId": "",
                "spanId": "",
                "message": "value of interceptor is main.app.interceptor.CustomInterceptor@b655ddd"}
{"application": "my-springboot-app",
                "datetime": "2021-05-04T13:40:30,371+02:00",
                "applicationVersion": "application-version_IS_UNDEFINED",
                "class": "o.s.b.a.o.j.JpaBaseConfiguration$JpaWebConfiguration$JpaWebMvcConfiguration",
                "loglevel": "WARN",
                "traceId": "",
                "spanId": "",
                "message": "spring.jpa.open-in-view is enabled by default. Therefore, database queries may be performed during view rendering. Explicitly configure spring.jpa.open-in-view to disable this warning"}
{"application": "my-springboot-app",
                "datetime": "2021-05-04T13:40:30,487+02:00",
                "applicationVersion": "application-version_IS_UNDEFINED",
                "class": "o.s.b.a.t.ThymeleafAutoConfiguration$DefaultTemplateResolverConfiguration",
                "loglevel": "WARN",
                "traceId": "",
                "spanId": "",
                "message": "Cannot find template location: classpath:/templates/ (please add some templates or check your Thymeleaf configuration)"}
{"application": "my-springboot-app",
                "datetime": "2021-05-04T13:40:30,909+02:00",
                "applicationVersion": "application-version_IS_UNDEFINED",
                "class": "o.s.b.a.e.web.EndpointLinksResolver",
                "loglevel": "INFO",
                "traceId": "",
                "spanId": "",
                "message": "Exposing 2 endpoint(s) beneath base path '/actuator'"}
{"application": "my-springboot-app",
                "datetime": "2021-05-04T13:40:31,294+02:00",
                "applicationVersion": "application-version_IS_UNDEFINED",
                "class": "o.a.coyote.http11.Http11NioProtocol",
                "loglevel": "INFO",
                "traceId": "",
                "spanId": "",
                "message": "Starting ProtocolHandler [\"http-nio-8080\"]"}
{"application": "my-springboot-app",
                "datetime": "2021-05-04T13:40:31,311+02:00",
                "applicationVersion": "application-version_IS_UNDEFINED",
                "class": "o.s.b.w.e.tomcat.TomcatWebServer",
                "loglevel": "INFO",
                "traceId": "",
                "spanId": "",
                "message": "Tomcat started on port(s): 8080 (http) with context path ''"}
{"application": "my-springboot-app",
                "datetime": "2021-05-04T13:40:31,314+02:00",
                "applicationVersion": "application-version_IS_UNDEFINED",
                "class": "main.app.MySpringBootApplication",
                "loglevel": "INFO",
                "traceId": "",
                "spanId": "",
                "message": "Started MySpringBootApplication in 8.222 seconds (JVM running for 8.8)"}
{"application": "my-springboot-app",
                "datetime": "2021-05-04T13:42:12,108+02:00",
                "applicationVersion": "application-version_IS_UNDEFINED",
                "class": "o.a.c.c.C.[Tomcat].[localhost].[/]",
                "loglevel": "INFO",
                "traceId": "",
                "spanId": "",
                "message": "Initializing Spring DispatcherServlet 'dispatcherServlet'"}
{"application": "my-springboot-app",
                "datetime": "2021-05-04T13:42:12,109+02:00",
                "applicationVersion": "application-version_IS_UNDEFINED",
                "class": "o.s.web.servlet.DispatcherServlet",
                "loglevel": "INFO",
                "traceId": "",
                "spanId": "",
                "message": "Initializing Servlet 'dispatcherServlet'"}
{"application": "my-springboot-app",
                "datetime": "2021-05-04T13:42:12,122+02:00",
                "applicationVersion": "application-version_IS_UNDEFINED",
                "class": "o.s.web.servlet.DispatcherServlet",
                "loglevel": "INFO",
                "traceId": "",
                "spanId": "",
                "message": "Completed initialization in 13 ms"}
{"application": "my-springboot-app",
                "datetime": "2021-05-04T13:42:12,140+02:00",
                "applicationVersion": "application-version_IS_UNDEFINED",
                "class": "main.app.filter.CustomFirstFilter",
                "loglevel": "INFO",
                "traceId": "cd5c29386896137b",
                "spanId": "cd5c29386896137b",
                "message": "This CustomFirstFilter is only called when request is mapped for /filterExample resource"}
{"application": "my-springboot-app",
                "datetime": "2021-05-04T13:42:12,140+02:00",
                "applicationVersion": "application-version_IS_UNDEFINED",
                "class": "main.app.filter.CustomSecondFilter",
                "loglevel": "INFO",
                "traceId": "cd5c29386896137b",
                "spanId": "cd5c29386896137b",
                "message": "CustomSecondFilter  is only called when request is mapped for /filterExample resource"}
{"application": "my-springboot-app",
                "datetime": "2021-05-04T13:42:12,485+02:00",
                "applicationVersion": "application-version_IS_UNDEFINED",
                "class": "m.app.interceptor.CustomInterceptor",
                "loglevel": "INFO",
                "traceId": "cd5c29386896137b",
                "spanId": "cd5c29386896137b",
                "message": "Inside the Pre Handle method"}
{"application": "my-springboot-app",
                "datetime": "2021-05-04T13:42:12,496+02:00",
                "applicationVersion": "application-version_IS_UNDEFINED",
                "class": "main.app.service.EmployeeService",
                "loglevel": "INFO",
                "traceId": "cd5c29386896137b",
                "spanId": "cd5c29386896137b",
                "message": "calling employee information service"}
{"application": "my-springboot-app",
                "datetime": "2021-05-04T13:42:12,839+02:00",
                "applicationVersion": "application-version_IS_UNDEFINED",
                "class": "m.app.interceptor.CustomInterceptor",
                "loglevel": "INFO",
                "traceId": "cd5c29386896137b",
                "spanId": "cd5c29386896137b",
                "message": "Inside the Post Handle method"}
{"application": "my-springboot-app",
                "datetime": "2021-05-04T13:42:12,839+02:00",
                "applicationVersion": "application-version_IS_UNDEFINED",
                "class": "m.app.interceptor.CustomInterceptor",
                "loglevel": "INFO",
                "traceId": "cd5c29386896137b",
                "spanId": "cd5c29386896137b",
                "message": "After completion of request and response"}
